  stdafx.cpp
  main.cpp
d:\2017 taxi data\map-matching\map-matching\geoenvelop.h(48): warning C4244: “return”: 从“double”转换到“float”，可能丢失数据
d:\2017 taxi data\map-matching\map-matching\geoenvelop.h(124): warning C4244: “=”: 从“double”转换到“float”，可能丢失数据
d:\2017 taxi data\map-matching\map-matching\st-matching.h(46): warning C4244: “初始化”: 从“double”转换到“float”，可能丢失数据
d:\2017 taxi data\map-matching\map-matching\st-matching.h(50): warning C4244: “=”: 从“double”转换到“float”，可能丢失数据
d:\2017 taxi data\map-matching\map-matching\main.cpp(46): warning C4244: “初始化”: 从“float”转换到“int”，可能丢失数据
d:\2017 taxi data\map-matching\map-matching\main.cpp(48): warning C4244: “初始化”: 从“float”转换到“int”，可能丢失数据
  ST-Matching.cpp
d:\2017 taxi data\map-matching\map-matching\geoenvelop.h(48): warning C4244: “return”: 从“double”转换到“float”，可能丢失数据
d:\2017 taxi data\map-matching\map-matching\geoenvelop.h(124): warning C4244: “=”: 从“double”转换到“float”，可能丢失数据
d:\2017 taxi data\map-matching\map-matching\st-matching.h(46): warning C4244: “初始化”: 从“double”转换到“float”，可能丢失数据
d:\2017 taxi data\map-matching\map-matching\st-matching.h(50): warning C4244: “=”: 从“double”转换到“float”，可能丢失数据
d:\2017 taxi data\map-matching\map-matching\st-matching.cpp(34): warning C4244: “return”: 从“double”转换到“float”，可能丢失数据
d:\2017 taxi data\map-matching\map-matching\st-matching.cpp(37): warning C4244: “return”: 从“double”转换到“float”，可能丢失数据
d:\2017 taxi data\map-matching\map-matching\st-matching.cpp(38): warning C4244: “=”: 从“double”转换到“float”，可能丢失数据
d:\2017 taxi data\map-matching\map-matching\st-matching.cpp(41): warning C4244: “return”: 从“double”转换到“float”，可能丢失数据
d:\2017 taxi data\map-matching\map-matching\st-matching.cpp(58): warning C4244: “参数”: 从“double”转换到“float”，可能丢失数据
d:\2017 taxi data\map-matching\map-matching\st-matching.cpp(76): warning C4244: “参数”: 从“double”转换到“DWORD”，可能丢失数据
d:\2017 taxi data\map-matching\map-matching\st-matching.cpp(121): warning C4018: “<”: 有符号/无符号不匹配
d:\2017 taxi data\map-matching\map-matching\st-matching.cpp(122): warning C4018: “<”: 有符号/无符号不匹配
d:\2017 taxi data\map-matching\map-matching\st-matching.cpp(340): warning C4018: “>=”: 有符号/无符号不匹配
  QuadTree.cpp
  Map-Matching.cpp
d:\2017 taxi data\map-matching\map-matching\geoenvelop.h(48): warning C4244: “return”: 从“double”转换到“float”，可能丢失数据
d:\2017 taxi data\map-matching\map-matching\geoenvelop.h(124): warning C4244: “=”: 从“double”转换到“float”，可能丢失数据
d:\2017 taxi data\map-matching\map-matching\map-matching.cpp(67): warning C4244: “参数”: 从“double”转换到“DWORD”，可能丢失数据
d:\2017 taxi data\map-matching\map-matching\map-matching.cpp(90): warning C4244: “=”: 从“double”转换到“float”，可能丢失数据
d:\2017 taxi data\map-matching\map-matching\map-matching.cpp(105): warning C4244: “=”: 从“double”转换到“float”，可能丢失数据
d:\2017 taxi data\map-matching\map-matching\map-matching.cpp(147): warning C4018: “>=”: 有符号/无符号不匹配
  GeoEnvelop.cpp
d:\2017 taxi data\map-matching\map-matching\geoenvelop.h(48): warning C4244: “return”: 从“double”转换到“float”，可能丢失数据
d:\2017 taxi data\map-matching\map-matching\geoenvelop.h(124): warning C4244: “=”: 从“double”转换到“float”，可能丢失数据
  正在生成代码...
  Map-Matching.vcxproj -> D:\2017 Taxi Data\Map-Matching\Debug\Map-Matching.exe
  Map-Matching.vcxproj -> D:\2017 Taxi Data\Map-Matching\Debug\Map-Matching.pdb (Full PDB)
